[0.016s] Invoking command in '/home/fred/plugin_ws_test/src/rmf/traffic_editor/build/traffic_editor': CMAKE_PREFIX_PATH=/opt/ros/eloquent /usr/bin/cmake /home/fred/plugin_ws_test/src/rmf/traffic_editor/traffic_editor -DCMAKE_INSTALL_PREFIX=/home/fred/plugin_ws_test/src/rmf/traffic_editor/install/traffic_editor
[0.066s] -- The C compiler identification is GNU 8.4.0
[0.116s] -- The CXX compiler identification is GNU 8.4.0
[0.119s] -- Check for working C compiler: /usr/bin/cc
[0.181s] -- Check for working C compiler: /usr/bin/cc -- works
[0.181s] -- Detecting C compiler ABI info
[0.248s] -- Detecting C compiler ABI info - done
[0.252s] -- Detecting C compile features
[0.452s] -- Detecting C compile features - done
[0.454s] -- Check for working CXX compiler: /usr/bin/c++
[0.535s] -- Check for working CXX compiler: /usr/bin/c++ -- works
[0.535s] -- Detecting CXX compiler ABI info
[0.622s] -- Detecting CXX compiler ABI info - done
[0.626s] -- Detecting CXX compile features
[0.964s] -- Detecting CXX compile features - done
[0.967s] -- Found ament_cmake: 0.8.2 (/opt/ros/eloquent/share/ament_cmake/cmake)
[0.993s] -- Found PythonInterp: /usr/bin/python3 (found suitable version "3.6.9", minimum required is "3") 
[0.993s] -- Using PYTHON_EXECUTABLE: /usr/bin/python3
[1.221s] CMake Error at CMakeLists.txt:26 (find_package):
[1.221s]   By not providing "Findignition-plugin1.cmake" in CMAKE_MODULE_PATH this
[1.221s]   project has asked CMake to find a package configuration file provided by
[1.221s]   "ignition-plugin1", but CMake did not find one.
[1.221s] 
[1.221s]   Could not find a package configuration file provided by "ignition-plugin1"
[1.221s]   with any of the following names:
[1.221s] 
[1.221s]     ignition-plugin1Config.cmake
[1.221s]     ignition-plugin1-config.cmake
[1.222s] 
[1.222s]   Add the installation prefix of "ignition-plugin1" to CMAKE_PREFIX_PATH or
[1.222s]   set "ignition-plugin1_DIR" to a directory containing one of the above
[1.222s]   files.  If "ignition-plugin1" provides a separate development package or
[1.222s]   SDK, be sure it has been installed.
[1.222s] 
[1.222s] 
[1.222s] -- Configuring incomplete, errors occurred!
[1.222s] See also "/home/fred/plugin_ws_test/src/rmf/traffic_editor/build/traffic_editor/CMakeFiles/CMakeOutput.log".
[1.226s] Invoked command in '/home/fred/plugin_ws_test/src/rmf/traffic_editor/build/traffic_editor' returned '1': CMAKE_PREFIX_PATH=/opt/ros/eloquent /usr/bin/cmake /home/fred/plugin_ws_test/src/rmf/traffic_editor/traffic_editor -DCMAKE_INSTALL_PREFIX=/home/fred/plugin_ws_test/src/rmf/traffic_editor/install/traffic_editor
